#
# There is insufficient memory for the Java Runtime Environment to continue.
# Native memory allocation (malloc) failed to allocate 267920 bytes for Chunk::new
# Possible reasons:
#   The system is out of physical RAM or swap space
#   In 32 bit mode, the process size limit was hit
# Possible solutions:
#   Reduce memory load on the system
#   Increase physical memory or swap space
#   Check if swap backing store is full
#   Use 64 bit Java on a 64 bit OS
#   Decrease Java heap size (-Xmx/-Xms)
#   Decrease number of Java threads
#   Decrease Java thread stack sizes (-Xss)
#   Set larger code cache with -XX:ReservedCodeCacheSize=
# This output file may be truncated or incomplete.
#
#  Out of Memory Error (allocation.cpp:328), pid=12012, tid=10100
#
# JRE version: 7.0_25-b17
# Java VM: Java HotSpot(TM) 64-Bit Server VM (23.25-b01 mixed mode windows-amd64 compressed oops)
# Failed to write core dump. Minidumps are not enabled by default on client versions of Windows
#

---------------  T H R E A D  ---------------

Current thread (0x0000000009101000):  JavaThread "C2 CompilerThread0" daemon [_thread_in_native, id=10100, stack(0x000000000a6d0000,0x000000000a7d0000)]

Stack: [0x000000000a6d0000,0x000000000a7d0000]

Current CompileTask:
C2:  10855  598             java.beans.Introspector::addMethod (196 bytes)


---------------  P R O C E S S  ---------------

Java Threads: ( => current thread )
  0x000000000bd59800 JavaThread "File lock request listener" [_thread_in_native, id=6056, stack(0x000000000d370000,0x000000000d470000)]
  0x000000000b550800 JavaThread "Stdin handler" [_thread_blocked, id=5404, stack(0x000000000d270000,0x000000000d370000)]
  0x000000000bb19800 JavaThread "Daemon worker" [_thread_in_vm, id=1296, stack(0x000000000d170000,0x000000000d270000)]
  0x000000000b666800 JavaThread "Cancel handler" [_thread_blocked, id=7332, stack(0x000000000d070000,0x000000000d170000)]
  0x000000000bc39000 JavaThread "Handler for socket connection from /127.0.0.1:57108 to /127.0.0.1:57109" [_thread_in_native, id=8128, stack(0x000000000cf70000,0x000000000d070000)]
  0x000000000bc4f000 JavaThread "Daemon" [_thread_blocked, id=11716, stack(0x000000000ce70000,0x000000000cf70000)]
  0x000000000bc68000 JavaThread "Incoming local TCP Connector on port 57108" [_thread_in_native, id=11368, stack(0x000000000cd70000,0x000000000ce70000)]
  0x000000000910e000 JavaThread "Service Thread" daemon [_thread_blocked, id=6808, stack(0x000000000a8d0000,0x000000000a9d0000)]
  0x000000000910b000 JavaThread "C2 CompilerThread1" daemon [_thread_in_native, id=776, stack(0x000000000a7d0000,0x000000000a8d0000)]
=>0x0000000009101000 JavaThread "C2 CompilerThread0" daemon [_thread_in_native, id=10100, stack(0x000000000a6d0000,0x000000000a7d0000)]
  0x0000000009100000 JavaThread "Attach Listener" daemon [_thread_blocked, id=10348, stack(0x000000000a5d0000,0x000000000a6d0000)]
  0x00000000090fd000 JavaThread "Signal Dispatcher" daemon [_thread_blocked, id=1144, stack(0x000000000a4d0000,0x000000000a5d0000)]
  0x0000000009098800 JavaThread "Finalizer" daemon [_thread_blocked, id=5908, stack(0x000000000a3d0000,0x000000000a4d0000)]
  0x000000000908f800 JavaThread "Reference Handler" daemon [_thread_blocked, id=11948, stack(0x000000000a2d0000,0x000000000a3d0000)]
  0x000000000240e000 JavaThread "main" [_thread_blocked, id=9340, stack(0x00000000022d0000,0x00000000023d0000)]

Other Threads:
  0x0000000009087000 VMThread [stack: 0x000000000a1d0000,0x000000000a2d0000] [id=8784]
  0x000000000911b000 WatcherThread [stack: 0x000000000a9d0000,0x000000000aad0000] [id=5384]

VM state:not at safepoint (normal execution)

VM Mutex/Monitor currently owned by a thread: None

Heap
 PSYoungGen      total 134720K, used 42767K [0x00000000eaab0000, 0x00000000f8b00000, 0x0000000100000000)
  eden space 126336K, 27% used [0x00000000eaab0000,0x00000000ecc47bf8,0x00000000f2610000)
  from space 8384K, 99% used [0x00000000f2610000,0x00000000f2e3c010,0x00000000f2e40000)
  to   space 13760K, 0% used [0x00000000f7d90000,0x00000000f7d90000,0x00000000f8b00000)
 ParOldGen       total 42432K, used 22399K [0x00000000c0000000, 0x00000000c2970000, 0x00000000eaab0000)
  object space 42432K, 52% used [0x00000000c0000000,0x00000000c15dfc58,0x00000000c2970000)
 PSPermGen       total 33536K, used 33473K [0x00000000b0000000, 0x00000000b20c0000, 0x00000000c0000000)
  object space 33536K, 99% used [0x00000000b0000000,0x00000000b20b0748,0x00000000b20c0000)

Card table byte_map: [0x00000000055d0000,0x0000000005860000] byte_map_base: 0x0000000005050000

Polling page: 0x0000000000ab0000

Code Cache  [0x0000000002510000, 0x0000000002830000, 0x0000000005510000)
 total_blobs=1145 nmethods=568 adapters=528 free_code_cache=46005Kb largest_free_block=47059776

Compilation events (10 events):
Event: 10.784 Thread 0x0000000009101000 nmethod 593 0x00000000027c9e90 code [0x00000000027c9fe0, 0x00000000027ca478]
Event: 10.784 Thread 0x0000000009101000  594             org.objectweb.asm.ClassWriter::newUTF8 (70 bytes)
Event: 10.798 Thread 0x0000000009101000 nmethod 594 0x0000000002714950 code [0x0000000002714b20, 0x00000000027151d0]
Event: 10.798 Thread 0x0000000009101000  595             org.codehaus.groovy.runtime.metaclass.MetaMethodIndex::copyNonPrivateNonNewMetaMethods (24 bytes)
Event: 10.805 Thread 0x0000000009101000 nmethod 595 0x00000000028250d0 code [0x0000000002825260, 0x0000000002825630]
Event: 10.805 Thread 0x0000000009101000  596  s          java.lang.StringBuffer::append (8 bytes)
Event: 10.810 Thread 0x0000000009101000 nmethod 596 0x0000000002824750 code [0x00000000028248a0, 0x0000000002824d68]
Event: 10.810 Thread 0x0000000009101000  597   !         java.beans.Introspector::getPublicDeclaredMethods (92 bytes)
Event: 10.822 Thread 0x0000000009101000 nmethod 597 0x00000000027cb350 code [0x00000000027cb560, 0x00000000027cbd40]
Event: 10.822 Thread 0x0000000009101000  598             java.beans.Introspector::addMethod (196 bytes)

GC Heap History (10 events):
Event: 4.868 GC heap before
{Heap before GC invocations=5 (full 0):
 PSYoungGen      total 34496K, used 34480K [0x00000000eaab0000, 0x00000000ecef0000, 0x0000000100000000)
  eden space 31872K, 100% used [0x00000000eaab0000,0x00000000ec9d0000,0x00000000ec9d0000)
  from space 2624K, 99% used [0x00000000ecc60000,0x00000000eceec010,0x00000000ecef0000)
  to   space 2624K, 0% used [0x00000000ec9d0000,0x00000000ec9d0000,0x00000000ecc60000)
 ParOldGen       total 42432K, used 5837K [0x00000000c0000000, 0x00000000c2970000, 0x00000000eaab0000)
  object space 42432K, 13% used [0x00000000c0000000,0x00000000c05b3548,0x00000000c2970000)
 PSPermGen       total 21248K, used 18520K [0x00000000b0000000, 0x00000000b14c0000, 0x00000000c0000000)
  object space 21248K, 87% used [0x00000000b0000000,0x00000000b12162e8,0x00000000b14c0000)
Event: 4.879 GC heap after
Heap after GC invocations=5 (full 0):
 PSYoungGen      total 34496K, used 2624K [0x00000000eaab0000, 0x00000000ef790000, 0x0000000100000000)
  eden space 31872K, 0% used [0x00000000eaab0000,0x00000000eaab0000,0x00000000ec9d0000)
  from space 2624K, 100% used [0x00000000ec9d0000,0x00000000ecc60000,0x00000000ecc60000)
  to   space 7488K, 0% used [0x00000000ef040000,0x00000000ef040000,0x00000000ef790000)
 ParOldGen       total 42432K, used 9803K [0x00000000c0000000, 0x00000000c2970000, 0x00000000eaab0000)
  object space 42432K, 23% used [0x00000000c0000000,0x00000000c0992e48,0x00000000c2970000)
 PSPermGen       total 21248K, used 18520K [0x00000000b0000000, 0x00000000b14c0000, 0x00000000c0000000)
  object space 21248K, 87% used [0x00000000b0000000,0x00000000b12162e8,0x00000000b14c0000)
}
Event: 5.482 GC heap before
{Heap before GC invocations=6 (full 0):
 PSYoungGen      total 34496K, used 34496K [0x00000000eaab0000, 0x00000000ef790000, 0x0000000100000000)
  eden space 31872K, 100% used [0x00000000eaab0000,0x00000000ec9d0000,0x00000000ec9d0000)
  from space 2624K, 100% used [0x00000000ec9d0000,0x00000000ecc60000,0x00000000ecc60000)
  to   space 7488K, 0% used [0x00000000ef040000,0x00000000ef040000,0x00000000ef790000)
 ParOldGen       total 42432K, used 9803K [0x00000000c0000000, 0x00000000c2970000, 0x00000000eaab0000)
  object space 42432K, 23% used [0x00000000c0000000,0x00000000c0992e48,0x00000000c2970000)
 PSPermGen       total 21248K, used 21181K [0x00000000b0000000, 0x00000000b14c0000, 0x00000000c0000000)
  object space 21248K, 99% used [0x00000000b0000000,0x00000000b14af6a0,0x00000000b14c0000)
Event: 5.493 GC heap after
Heap after GC invocations=6 (full 0):
 PSYoungGen      total 71104K, used 5580K [0x00000000eaab0000, 0x00000000ef7d0000, 0x0000000100000000)
  eden space 63616K, 0% used [0x00000000eaab0000,0x00000000eaab0000,0x00000000ee8d0000)
  from space 7488K, 74% used [0x00000000ef040000,0x00000000ef5b3318,0x00000000ef790000)
  to   space 7616K, 0% used [0x00000000ee8d0000,0x00000000ee8d0000,0x00000000ef040000)
 ParOldGen       total 42432K, used 9803K [0x00000000c0000000, 0x00000000c2970000, 0x00000000eaab0000)
  object space 42432K, 23% used [0x00000000c0000000,0x00000000c0992e48,0x00000000c2970000)
 PSPermGen       total 21248K, used 21181K [0x00000000b0000000, 0x00000000b14c0000, 0x00000000c0000000)
  object space 21248K, 99% used [0x00000000b0000000,0x00000000b14af6a0,0x00000000b14c0000)
}
Event: 5.837 GC heap before
{Heap before GC invocations=7 (full 0):
 PSYoungGen      total 71104K, used 69196K [0x00000000eaab0000, 0x00000000ef7d0000, 0x0000000100000000)
  eden space 63616K, 100% used [0x00000000eaab0000,0x00000000ee8d0000,0x00000000ee8d0000)
  from space 7488K, 74% used [0x00000000ef040000,0x00000000ef5b3318,0x00000000ef790000)
  to   space 7616K, 0% used [0x00000000ee8d0000,0x00000000ee8d0000,0x00000000ef040000)
 ParOldGen       total 42432K, used 9803K [0x00000000c0000000, 0x00000000c2970000, 0x00000000eaab0000)
  object space 42432K, 23% used [0x00000000c0000000,0x00000000c0992e48,0x00000000c2970000)
 PSPermGen       total 21248K, used 21189K [0x00000000b0000000, 0x00000000b14c0000, 0x00000000c0000000)
  object space 21248K, 99% used [0x00000000b0000000,0x00000000b14b14a8,0x00000000b14c0000)
Event: 5.847 GC heap after
Heap after GC invocations=7 (full 0):
 PSYoungGen      total 71232K, used 3588K [0x00000000eaab0000, 0x00000000f3590000, 0x0000000100000000)
  eden space 63616K, 0% used [0x00000000eaab0000,0x00000000eaab0000,0x00000000ee8d0000)
  from space 7616K, 47% used [0x00000000ee8d0000,0x00000000eec510e0,0x00000000ef040000)
  to   space 7488K, 0% used [0x00000000f2e40000,0x00000000f2e40000,0x00000000f3590000)
 ParOldGen       total 42432K, used 10503K [0x00000000c0000000, 0x00000000c2970000, 0x00000000eaab0000)
  object space 42432K, 24% used [0x00000000c0000000,0x00000000c0a41e78,0x00000000c2970000)
 PSPermGen       total 21248K, used 21189K [0x00000000b0000000, 0x00000000b14c0000, 0x00000000c0000000)
  object space 21248K, 99% used [0x00000000b0000000,0x00000000b14b14a8,0x00000000b14c0000)
}
Event: 6.779 GC heap before
{Heap before GC invocations=8 (full 0):
 PSYoungGen      total 71232K, used 67204K [0x00000000eaab0000, 0x00000000f3590000, 0x0000000100000000)
  eden space 63616K, 100% used [0x00000000eaab0000,0x00000000ee8d0000,0x00000000ee8d0000)
  from space 7616K, 47% used [0x00000000ee8d0000,0x00000000eec510e0,0x00000000ef040000)
  to   space 7488K, 0% used [0x00000000f2e40000,0x00000000f2e40000,0x00000000f3590000)
 ParOldGen       total 42432K, used 10503K [0x00000000c0000000, 0x00000000c2970000, 0x00000000eaab0000)
  object space 42432K, 24% used [0x00000000c0000000,0x00000000c0a41e78,0x00000000c2970000)
 PSPermGen       total 24128K, used 23948K [0x00000000b0000000, 0x00000000b1790000, 0x00000000c0000000)
  object space 24128K, 99% used [0x00000000b0000000,0x00000000b17632e0,0x00000000b1790000)
Event: 6.792 GC heap after
Heap after GC invocations=8 (full 0):
 PSYoungGen      total 133824K, used 7439K [0x00000000eaab0000, 0x00000000f3750000, 0x0000000100000000)
  eden space 126336K, 0% used [0x00000000eaab0000,0x00000000eaab0000,0x00000000f2610000)
  from space 7488K, 99% used [0x00000000f2e40000,0x00000000f3583c78,0x00000000f3590000)
  to   space 8384K, 0% used [0x00000000f2610000,0x00000000f2610000,0x00000000f2e40000)
 ParOldGen       total 42432K, used 11593K [0x00000000c0000000, 0x00000000c2970000, 0x00000000eaab0000)
  object space 42432K, 27% used [0x00000000c0000000,0x00000000c0b52718,0x00000000c2970000)
 PSPermGen       total 24128K, used 23948K [0x00000000b0000000, 0x00000000b1790000, 0x00000000c0000000)
  object space 24128K, 99% used [0x00000000b0000000,0x00000000b17632e0,0x00000000b1790000)
}
Event: 9.851 GC heap before
{Heap before GC invocations=9 (full 0):
 PSYoungGen      total 133824K, used 133775K [0x00000000eaab0000, 0x00000000f3750000, 0x0000000100000000)
  eden space 126336K, 100% used [0x00000000eaab0000,0x00000000f2610000,0x00000000f2610000)
  from space 7488K, 99% used [0x00000000f2e40000,0x00000000f3583c78,0x00000000f3590000)
  to   space 8384K, 0% used [0x00000000f2610000,0x00000000f2610000,0x00000000f2e40000)
 ParOldGen       total 42432K, used 11593K [0x00000000c0000000, 0x00000000c2970000, 0x00000000eaab0000)
  object space 42432K, 27% used [0x00000000c0000000,0x00000000c0b52718,0x00000000c2970000)
 PSPermGen       total 32384K, used 32347K [0x00000000b0000000, 0x00000000b1fa0000, 0x00000000c0000000)
  object space 32384K, 99% used [0x00000000b0000000,0x00000000b1f96c58,0x00000000b1fa0000)
Event: 9.883 GC heap after
Heap after GC invocations=9 (full 0):
 PSYoungGen      total 134720K, used 8368K [0x00000000eaab0000, 0x00000000f8b00000, 0x0000000100000000)
  eden space 126336K, 0% used [0x00000000eaab0000,0x00000000eaab0000,0x00000000f2610000)
  from space 8384K, 99% used [0x00000000f2610000,0x00000000f2e3c010,0x00000000f2e40000)
  to   space 13760K, 0% used [0x00000000f7d90000,0x00000000f7d90000,0x00000000f8b00000)
 ParOldGen       total 42432K, used 22399K [0x00000000c0000000, 0x00000000c2970000, 0x00000000eaab0000)
  object space 42432K, 52% used [0x00000000c0000000,0x00000000c15dfc58,0x00000000c2970000)
 PSPermGen       total 32384K, used 32347K [0x00000000b0000000, 0x00000000b1fa0000, 0x00000000c0000000)
  object space 32384K, 99% used [0x00000000b0000000,0x00000000b1f96c58,0x00000000b1fa0000)
}

Deoptimization events (10 events):
Event: 10.288 Thread 0x000000000bb19800 Uncommon trap -58 fr.pc 0x0000000002749840
Event: 10.330 Thread 0x000000000bb19800 Uncommon trap -34 fr.pc 0x0000000002601994
Event: 10.337 Thread 0x000000000bb19800 Uncommon trap -34 fr.pc 0x0000000002601994
Event: 10.394 Thread 0x000000000bb19800 Uncommon trap -42 fr.pc 0x00000000027e8e54
Event: 10.394 Thread 0x000000000bb19800 Uncommon trap -42 fr.pc 0x00000000027e8f00
Event: 10.394 Thread 0x000000000bb19800 Uncommon trap -42 fr.pc 0x00000000027e8e54
Event: 10.394 Thread 0x000000000bb19800 Uncommon trap -42 fr.pc 0x00000000027e8e54
Event: 10.498 Thread 0x000000000bb19800 Uncommon trap -34 fr.pc 0x0000000002601994
Event: 10.498 Thread 0x000000000bb19800 Uncommon trap -34 fr.pc 0x0000000002601994
Event: 10.747 Thread 0x000000000bb19800 Uncommon trap -58 fr.pc 0x00000000027e9e78

Internal exceptions (10 events):
Event: 10.848 Thread 0x000000000bb19800 Threw 0x00000000ecb75118 at C:\jdk7u2_64p\jdk7u25\hotspot\src\share\vm\prims\jvm.cpp:1235
Event: 10.848 Thread 0x000000000bb19800 Threw 0x00000000ecb756d8 at C:\jdk7u2_64p\jdk7u25\hotspot\src\share\vm\classfile\systemDictionary.cpp:179
Event: 10.848 Thread 0x000000000bb19800 Threw 0x00000000ecb76b78 at C:\jdk7u2_64p\jdk7u25\hotspot\src\share\vm\prims\jvm.cpp:1235
Event: 10.848 Thread 0x000000000bb19800 Threw 0x00000000ecb77a88 at C:\jdk7u2_64p\jdk7u25\hotspot\src\share\vm\prims\jvm.cpp:1235
Event: 10.848 Thread 0x000000000bb19800 Threw 0x00000000ecb7d9e0 at C:\jdk7u2_64p\jdk7u25\hotspot\src\share\vm\prims\jvm.cpp:1235
Event: 10.848 Thread 0x000000000bb19800 Threw 0x00000000ecb7ea80 at C:\jdk7u2_64p\jdk7u25\hotspot\src\share\vm\prims\jvm.cpp:1235
Event: 10.848 Thread 0x000000000bb19800 Threw 0x00000000ecb7f990 at C:\jdk7u2_64p\jdk7u25\hotspot\src\share\vm\prims\jvm.cpp:1235
Event: 10.849 Thread 0x000000000bb19800 Threw 0x00000000ecb858e8 at C:\jdk7u2_64p\jdk7u25\hotspot\src\share\vm\prims\jvm.cpp:1235
Event: 10.849 Thread 0x000000000bb19800 Threw 0x00000000ecb85eb0 at C:\jdk7u2_64p\jdk7u25\hotspot\src\share\vm\classfile\systemDictionary.cpp:179
Event: 10.849 Thread 0x000000000bb19800 Threw 0x00000000ecb872c8 at C:\jdk7u2_64p\jdk7u25\hotspot\src\share\vm\prims\jvm.cpp:1235

Events (10 events):
Event: 10.848 loading class 0x000000000c175bc0
Event: 10.848 loading class 0x000000000c175bc0 done
Event: 10.848 loading class 0x000000000c1758f0
Event: 10.848 loading class 0x000000000c1758f0 done
Event: 10.848 loading class 0x000000000c1758f0
Event: 10.848 loading class 0x000000000c1758f0 done
Event: 10.849 loading class 0x000000000c1758f0
Event: 10.849 loading class 0x000000000c1758f0 done
Event: 10.849 loading class 0x000000000c1759e0
Event: 10.849 loading class 0x000000000c1759e0 done


Dynamic libraries:
0x00007ff724650000 - 0x00007ff724683000 	C:\Program Files\Java\jdk1.7.0_25\bin\java.exe
0x00007ffa407a0000 - 0x00007ffa4094c000 	C:\WINDOWS\SYSTEM32\ntdll.dll
0x00007ffa40480000 - 0x00007ffa405ba000 	C:\WINDOWS\system32\KERNEL32.DLL
0x00007ffa3de70000 - 0x00007ffa3df7f000 	C:\WINDOWS\system32\KERNELBASE.dll
0x00007ffa3c510000 - 0x00007ffa3c598000 	C:\WINDOWS\system32\apphelp.dll
0x00007ffa325e0000 - 0x00007ffa3262f000 	C:\WINDOWS\AppPatch\AppPatch64\AcGenral.DLL
0x00007ffa3e230000 - 0x00007ffa3e2d7000 	C:\WINDOWS\system32\msvcrt.dll
0x00007ffa3d9c0000 - 0x00007ffa3d9eb000 	C:\WINDOWS\SYSTEM32\SspiCli.dll
0x00007ffa3e170000 - 0x00007ffa3e1c1000 	C:\WINDOWS\system32\SHLWAPI.dll
0x00007ffa402c0000 - 0x00007ffa40431000 	C:\WINDOWS\system32\USER32.dll
0x00007ffa3fd60000 - 0x00007ffa3fed8000 	C:\WINDOWS\system32\ole32.dll
0x00007ffa3e480000 - 0x00007ffa3f88f000 	C:\WINDOWS\system32\SHELL32.dll
0x00007ffa3d1b0000 - 0x00007ffa3d1ce000 	C:\WINDOWS\SYSTEM32\USERENV.dll
0x00007ffa3fa40000 - 0x00007ffa3fae5000 	C:\WINDOWS\system32\ADVAPI32.dll
0x00007ffa35f00000 - 0x00007ffa35f1b000 	C:\WINDOWS\SYSTEM32\MPR.dll
0x00007ffa3f8a0000 - 0x00007ffa3f9d7000 	C:\WINDOWS\system32\RPCRT4.dll
0x00007ffa3fee0000 - 0x00007ffa3ff37000 	C:\WINDOWS\SYSTEM32\sechost.dll
0x00007ffa400e0000 - 0x00007ffa402b6000 	C:\WINDOWS\SYSTEM32\combase.dll
0x00007ffa3e020000 - 0x00007ffa3e164000 	C:\WINDOWS\system32\GDI32.dll
0x00007ffa3db10000 - 0x00007ffa3db24000 	C:\WINDOWS\SYSTEM32\profapi.dll
0x00007ffa3bd00000 - 0x00007ffa3bd9f000 	C:\WINDOWS\SYSTEM32\SHCORE.dll
0x00007ffa40440000 - 0x00007ffa40474000 	C:\WINDOWS\system32\IMM32.DLL
0x00007ffa3fb90000 - 0x00007ffa3fcc9000 	C:\WINDOWS\system32\MSCTF.dll
0x00007ffa3b780000 - 0x00007ffa3b9da000 	C:\WINDOWS\WinSxS\amd64_microsoft.windows.common-controls_6595b64144ccf1df_6.0.9600.17031_none_6242a4b3ecbb55a1\COMCTL32.dll
0x0000000070740000 - 0x0000000070811000 	C:\Program Files\Java\jdk1.7.0_25\jre\bin\msvcr100.dll
0x0000000070b10000 - 0x000000007121f000 	C:\Program Files\Java\jdk1.7.0_25\jre\bin\server\jvm.dll
0x00007ffa31140000 - 0x00007ffa31149000 	C:\WINDOWS\SYSTEM32\WSOCK32.dll
0x00007ffa26100000 - 0x00007ffa2611f000 	C:\WINDOWS\SYSTEM32\WINMM.dll
0x00007ffa3f890000 - 0x00007ffa3f897000 	C:\WINDOWS\system32\PSAPI.DLL
0x00007ffa3fd00000 - 0x00007ffa3fd58000 	C:\WINDOWS\system32\WS2_32.dll
0x00007ffa26060000 - 0x00007ffa2608a000 	C:\WINDOWS\SYSTEM32\WINMMBASE.dll
0x00007ffa3fcf0000 - 0x00007ffa3fcf9000 	C:\WINDOWS\system32\NSI.dll
0x00007ffa3dfd0000 - 0x00007ffa3e01a000 	C:\WINDOWS\SYSTEM32\cfgmgr32.dll
0x00007ffa3c970000 - 0x00007ffa3c996000 	C:\WINDOWS\SYSTEM32\DEVOBJ.dll
0x0000000071a80000 - 0x0000000071a8f000 	C:\Program Files\Java\jdk1.7.0_25\jre\bin\verify.dll
0x0000000071a50000 - 0x0000000071a78000 	C:\Program Files\Java\jdk1.7.0_25\jre\bin\java.dll
0x0000000071a30000 - 0x0000000071a45000 	C:\Program Files\Java\jdk1.7.0_25\jre\bin\zip.dll
0x0000000071a10000 - 0x0000000071a29000 	C:\Program Files\Java\jdk1.7.0_25\jre\bin\net.dll
0x00007ffa3d510000 - 0x00007ffa3d568000 	C:\WINDOWS\system32\mswsock.dll
0x00000000719f0000 - 0x0000000071a01000 	C:\Program Files\Java\jdk1.7.0_25\jre\bin\nio.dll
0x00007ffa3d570000 - 0x00007ffa3d58e000 	C:\WINDOWS\SYSTEM32\CRYPTSP.dll
0x00007ffa3d100000 - 0x00007ffa3d135000 	C:\WINDOWS\system32\rsaenh.dll
0x00007ffa3d6c0000 - 0x00007ffa3d6e6000 	C:\WINDOWS\SYSTEM32\bcrypt.dll
0x00007ffa3d9f0000 - 0x00007ffa3da50000 	C:\WINDOWS\system32\bcryptprimitives.dll
0x00007ffa3da50000 - 0x00007ffa3da5a000 	C:\WINDOWS\SYSTEM32\CRYPTBASE.dll
0x00007ffa34110000 - 0x00007ffa34124000 	C:\WINDOWS\system32\napinsp.dll
0x00007ffa34130000 - 0x00007ffa34149000 	C:\WINDOWS\system32\pnrpnsp.dll
0x00007ffa3bfb0000 - 0x00007ffa3bfcb000 	C:\WINDOWS\system32\NLAapi.dll
0x00007ffa3d210000 - 0x00007ffa3d2b3000 	C:\WINDOWS\SYSTEM32\DNSAPI.dll
0x00007ffa341e0000 - 0x00007ffa341ec000 	C:\WINDOWS\System32\winrnr.dll
0x00007ffa346a0000 - 0x00007ffa346b3000 	C:\WINDOWS\system32\wshbth.dll
0x00007ffa31020000 - 0x00007ffa31029000 	C:\Windows\System32\rasadhlp.dll
0x00007ffa392a0000 - 0x00007ffa392c9000 	C:\WINDOWS\SYSTEM32\IPHLPAPI.DLL
0x00007ffa39130000 - 0x00007ffa3913a000 	C:\WINDOWS\SYSTEM32\WINNSI.DLL
0x00007ffa38fb0000 - 0x00007ffa39018000 	C:\WINDOWS\System32\fwpuclnt.dll
0x00007ffa35d60000 - 0x00007ffa35d72000 	C:\Users\Collin\AppData\Local\Temp\native-platform1979128846988216155dir\native-platform.dll
0x00007ffa387d0000 - 0x00007ffa387e4000 	C:\WINDOWS\SYSTEM32\dhcpcsvc6.DLL
0x00007ffa38e10000 - 0x00007ffa38e29000 	C:\WINDOWS\SYSTEM32\dhcpcsvc.DLL

VM Arguments:
jvm_args: -XX:MaxPermSize=256m -XX:+HeapDumpOnOutOfMemoryError -Xmx1024m -Dfile.encoding=windows-1252 -Duser.country=US -Duser.language=en -Duser.variant 
java_command: org.gradle.launcher.daemon.bootstrap.GradleDaemon 2.2.1 C:\Users\Collin\.gradle\daemon 10800000 e8bdc886-95db-442c-a063-ab9e3d6e63b1 -XX:MaxPermSize=256m -XX:+HeapDumpOnOutOfMemoryError -Xmx1024m -Dfile.encoding=windows-1252 -Duser.country=US -Duser.language=en -Duser.variant
Launcher Type: SUN_STANDARD

Environment Variables:
PATH=C:\Program Files (x86)\Intel\iCLS Client\;C:\Program Files\Intel\iCLS Client\;C:\WINDOWS\system32;C:\WINDOWS;C:\WINDOWS\System32\Wbem;C:\WINDOWS\System32\WindowsPowerShell\v1.0\;C:\Program Files (x86)\Intel\OpenCL SDK\2.0\bin\x86;C:\Program Files (x86)\Intel\OpenCL SDK\2.0\bin\x64;C:\Program Files (x86)\GNU\GnuPG\pub;C:\Program Files (x86)\Intel\OpenCL SDK\2.0\bin\x86;C:\Program Files (x86)\Intel\OpenCL SDK\2.0\bin\x64;C:\Program Files\Intel\Intel(R) Management Engine Components\DAL;C:\Program Files\Intel\Intel(R) Management Engine Components\IPT;C:\Program Files (x86)\Intel\Intel(R) Management Engine Components\DAL;C:\Program Files (x86)\Intel\OpenCL SDK\2.0\bin\x86;C:\Program Files (x86)\Intel\Intel(R) Management Engine Components\IPT;C:\Program Files (x86)\Intel\OpenCL SDK\2.0\bin\x64;C:\Program Files (x86)\Windows Kits\8.1\Windows Performance Toolkit\;C:\Program Files\Microsoft SQL Server\110\Tools\Binn\;C:\Program Files (x86)\Microsoft SDKs\TypeScript\1.0\;C:\Program Files\Microsoft SQL Server\12????????????;c:\Program Files (x86)\Microsoft SQL Server\110\Tools\Binn\;c:\Program Files\Microsoft SQL Server\110\DTS\Binn\;c:\Program Files (x86)\Microsoft SQL Server\110\Tools\Binn\ManagementStudio\;c:\Program Files (x86)\Microsoft SQL Server\110\DTS\Binn\
USERNAME=Collin
OS=Windows_NT
PROCESSOR_IDENTIFIER=Intel64 Family 6 Model 58 Stepping 9, GenuineIntel



---------------  S Y S T E M  ---------------

OS: Windows 8 , 64 bit Build 9200 

CPU:total 4 (2 cores per cpu, 2 threads per core) family 6 model 58 stepping 9, cmov, cx8, fxsr, mmx, sse, sse2, sse3, ssse3, sse4.1, sse4.2, popcnt, avx, ht, tsc, tscinvbit, tscinv

Memory: 4k page, physical 4070680k(922056k free), swap 9172860k(5160k free)

vm_info: Java HotSpot(TM) 64-Bit Server VM (23.25-b01) for windows-amd64 JRE (1.7.0_25-b17), built on Jun 21 2013 12:58:32 by "java_re" with unknown MS VC++:1600

time: Tue Feb 24 11:10:58 2015
elapsed time: 10 seconds

